### ISSUE TITLE
Stage2 miscompiles vector element acces via slice of vectors

### ISSUE THREAD

**Issue by Vexu** [ziglang/zig#11856]
```zig
// pub export fn entry() void {
test {
    @setRuntimeSafety(false);
    var small_bases = [2]@Vector(2, u8){
        @Vector(2, u8){ 0, 1 },
        @Vector(2, u8){ 2, 3 },
    };
    var a: []const @Vector(2, u8) = &small_bases;
    var a4 = a[1][1];
    _ = a4;
}
```
```
Test [1/1] test_0... error: the following test command crashed:
```

**Comment by nektro** [comment]
also ensure `expect(a4 == 3);`

**Comment by andrewrk** [comment]
```
Program received signal SIGSEGV, Segmentation fault.
0x000000000020b831 in test3.test_0 () at ./test3.zig:11
11	    var a4 = a[1][1];
(gdb) disas /s
Dump of assembler code for function test3.test_0:
./test3.zig:
4	test {
   0x000000000020b810 <+0>:	push   rbp
   0x000000000020b811 <+1>:	mov    rbp,rsp

5	    @setRuntimeSafety(false);
6	    var small_bases = [2]@Vector(2, u8){
   0x000000000020b814 <+4>:	mov    eax,DWORD PTR [rip+0xffffffffffffe726]        # 0x209f40
   0x000000000020b81a <+10>:	mov    DWORD PTR [rbp-0x20],eax
   0x000000000020b81d <+13>:	lea    rax,[rbp-0x20]

7	        @Vector(2, u8){ 0, 1 },
8	        @Vector(2, u8){ 2, 3 },
9	    };
10	    var a: []const @Vector(2, u8) = &small_bases;
   0x000000000020b821 <+17>:	mov    QWORD PTR [rbp-0x18],rax
   0x000000000020b825 <+21>:	mov    QWORD PTR [rbp-0x10],0x2

11	    var a4 = a[1][1];
   0x000000000020b82d <+29>:	mov    rax,QWORD PTR [rbp-0x18]
=> 0x000000000020b831 <+33>:	vmovdqa xmm0,XMMWORD PTR [rax+0x2]
   0x000000000020b836 <+38>:	vpextrb eax,xmm0,0x1
   0x000000000020b83c <+44>:	mov    BYTE PTR [rbp-0x1],al

12	    _ = a4;
   0x000000000020b83f <+47>:	xor    eax,eax
   0x000000000020b841 <+49>:	pop    rbp
   0x000000000020b842 <+50>:	ret    
End of assembler dump.
(gdb) x $rax
0x7fffffffa1c0:	0x03020100
(gdb) x $rax+0x2
0x7fffffffa1c2:	0x7fff0302
```

Here we can see the segfault happens on `vmovdqa` which requires an address aligned to 16 bytes. But `$rax + 0x2` is `0x7fffffffa1c2`, which is aligned to only 2 bytes. Looking back at the LLVM IR, it looks fine except for the alignment attribute on the corresponding load:

```llvm
  %11 = load <2 x i8>, <2 x i8>* %10, align 16, !dbg !66
```

Here we have told LLVM that the pointer to the second vector inside this slice is 16 bytes aligned, however that is clearly incorrect, which means undefined behavior (in our case thankfully manifesting as a segfault). Solution is to fix the LLVM IR to have a correct alignment annotation.

**Comment by andrewrk** [comment]
One key difference between stage1 and stage2 on this right now is the result of `@alignOf(@Vector(2, u8))`:
 * stage1: 2
 * stage2: 16
