### ISSUE TITLE
Proposed fix for fmt.digits2 alignment fault exception on ARMv7a baremetal target

### ISSUE THREAD

**Issue by ldube** [ziglang/zig#21326]
### Zig Version

0.14.0-dev.1409+6d2945f1f

### Steps to Reproduce and Observed Behavior

Run this on baremetal armv7a target. 
```
const i: u32 = 10;
// print("i = {x}\n", .{i});` // Printing hex works.
print("i = {}\n", .{i}); // Decimal causes alignment fault.
```

### Expected Behavior

This should successfully print the number 10 instead of causing the alignment fault exception.
The original digits2 function creates a byte array that could end up at an odd address. Zig generates an LDRH instruction to read a halfword from this array. If the address is odd, the ARM cpu will data abort. 

The "digits" array can be found by running objdump on the elf file and searching for "0001020304".

#### Array before fixing digits2 function
```
803284b5 <__anon_2719>:
803284b5:	31303030 33303230 35303430 37303630     0001020304050607
803284c5:	39303830 31313031 33313231 35313431     0809101112131415
```
#### Array after fixing digits2 function
```
803282a4 <__anon_2875>:
803282a4:	31303030 33303230 35303430 37303630     0001020304050607
803282b4:	39303830 31313031 33313231 35313431     0809101112131415
```

Here is a modified version of digits2 that work for me:
```zig

// Converts values in the range [0, 100) to a string.
pub fn digits2(value: usize) [2]u8 {
    const digits: [200]u8 align(2) = .{
        '0', '0', '0', '1', '0', '2', '0', '3', '0', '4', '0', '5', '0', '6', '0', '7', '0', '8', '0', '9',
        '1', '0', '1', '1', '1', '2', '1', '3', '1', '4', '1', '5', '1', '6', '1', '7', '1', '8', '1', '9',
        '2', '0', '2', '1', '2', '2', '2', '3', '2', '4', '2', '5', '2', '6', '2', '7', '2', '8', '2', '9',
        '3', '0', '3', '1', '3', '2', '3', '3', '3', '4', '3', '5', '3', '6', '3', '7', '3', '8', '3', '9',
        '4', '0', '4', '1', '4', '2', '4', '3', '4', '4', '4', '5', '4', '6', '4', '7', '4', '8', '4', '9',
        '5', '0', '5', '1', '5', '2', '5', '3', '5', '4', '5', '5', '5', '6', '5', '7', '5', '8', '5', '9',
        '6', '0', '6', '1', '6', '2', '6', '3', '6', '4', '6', '5', '6', '6', '6', '7', '6', '8', '6', '9',
        '7', '0', '7', '1', '7', '2', '7', '3', '7', '4', '7', '5', '7', '6', '7', '7', '7', '8', '7', '9',
        '8', '0', '8', '1', '8', '2', '8', '3', '8', '4', '8', '5', '8', '6', '8', '7', '8', '8', '8', '9',
        '9', '0', '9', '1', '9', '2', '9', '3', '9', '4', '9', '5', '9', '6', '9', '7', '9', '8', '9', '9',
    };

    return digits[value * 2 ..][0..2].*;
}

```
#### GDB debugging the fmt.digits2 alignment issue on arm-freestanding target.

Build flags are "-target arm-freestanding -mcpu=cortex_a8".

The **summary** is that  ```ldrh	r0, [r0]``` will crash on **ARMv7a** if the address in r0 is odd.
The line to look for starts with => .

```
// Converts values in the range [0, 100) to a string.
pub fn digits2(value: usize) [2]u8 {
    return ("0001020304050607080910111213141516171819" ++
        "2021222324252627282930313233343536373839" ++
        "4041424344454647484950515253545556575859" ++
        "6061626364656667686970717273747576777879" ++
        "8081828384858687888990919293949596979899")[value * 2 ..][0..2].*;
}

(gdb) si
0x80302708	1244	    return ("0001020304050607080910111213141516171819" ++
(gdb) disass
Dump of assembler code for function fmt.digits2:
   0x80302688 <+0>:	push	{r11, lr}
   0x8030268c <+4>:	mov	r11, sp
   0x80302690 <+8>:	sub	sp, sp, #24
   0x80302694 <+12>:	str	r0, [sp, #12]
   0x80302698 <+16>:	str	r1, [r11, #-4]
   0x8030269c <+20>:	adds	r0, r1, r1
   0x803026a0 <+24>:	str	r0, [r11, #-8]
   0x803026a4 <+28>:	mov	r2, #0
   0x803026a8 <+32>:	adc	r2, r2, #0
   0x803026ac <+36>:	cmp	r0, r1
   0x803026b0 <+40>:	bcs	0x803026d8 <fmt.digits2+80>
   0x803026b4 <+44>:	b	0x803026b8 <fmt.digits2+48>
   0x803026b8 <+48>:	movw	r0, #34353	@ 0x8631
   0x803026bc <+52>:	movt	r0, #32818	@ 0x8032
   0x803026c0 <+56>:	movw	r3, #34912	@ 0x8860
   0x803026c4 <+60>:	movt	r3, #32818	@ 0x8032
   0x803026c8 <+64>:	mov	r1, #16
   0x803026cc <+68>:	mov	r2, #0
   0x803026d0 <+72>:	mov	lr, pc
   0x803026d4 <+76>:	b	0x803005dc <bone.panic>
   0x803026d8 <+80>:	ldr	r0, [r11, #-8]
   0x803026dc <+84>:	movw	r1, #33973	@ 0x84b5
   0x803026e0 <+88>:	movt	r1, #32818	@ 0x8032
   0x803026e4 <+92>:	add	r1, r1, r0
   0x803026e8 <+96>:	str	r1, [sp, #4]
   0x803026ec <+100>:	add	r0, r0, #2
   0x803026f0 <+104>:	str	r0, [sp, #8]
   0x803026f4 <+108>:	cmp	r0, #202	@ 0xca
   0x803026f8 <+112>:	bcc	0x80302718 <fmt.digits2+144>
   0x803026fc <+116>:	b	0x8030271c <fmt.digits2+148>
   0x80302700 <+120>:	ldr	r1, [sp, #12]
   0x80302704 <+124>:	ldr	r0, [sp, #4]
=> 0x80302708 <+128>:	ldrh	r0, [r0] // load 2 bytes from address 0x803284c9
   0x8030270c <+132>:	strh	r0, [r1]
   0x80302710 <+136>:	mov	sp, r11
   0x80302714 <+140>:	pop	{r11, pc}
   0x80302718 <+144>:	b	0x80302700 <fmt.digits2+120>
   0x8030271c <+148>:	ldr	r0, [sp, #8]
   0x80302720 <+152>:	mov	r1, #201	@ 0xc9
   0x80302724 <+156>:	mov	lr, pc
   0x80302728 <+160>:	b	0x80300b68 <builtin.panicOutOfBounds>
End of assembler dump.
(gdb) info reg
r0             0x803284c9          2150794441
r1             0x80fffe5a          2164260442
r2             0x0                 0
r3             0x0                 0
r4             0x0                 0
r5             0x0                 0
r6             0x0                 0
r7             0x2988f             170127
r8             0x0                 0
r9             0x0                 0
r10            0x298d0             170192
r11            0x80fffd90          2164260240
r12            0x80fffe50          2164260432
sp             0x80fffd78          0x80fffd78
lr             0x803049d8          2150648280
pc             0x80302708          0x80302708 <fmt.digits2+128>
cpsr           0x80000193          2147484051
(gdb) si
0x00020010 in ?? () // Data abort exception vector in ROM.
(gdb) info reg pc
pc             0x20010             0x20010
```

**Comment by 190n** [comment]
This seems like a compiler bug. I don't think it should be necessary to manually align the array -- Zig should either ensure alignment itself, or read using instructions that don't require alignment.

**Comment by alexrp** [comment]
Use `-mcpu cortex_a8+strict_align`.

As a general rule, compilers only default to `strict_align` for v6 and below, and for M-profile cores for v7+. If you're targeting a core where this doesn't hold, you'll have to inform the compiler yourself.

**Comment by ldube** [comment]
@alexrp Thanks. Adding strict_align fixes the problem.

"strict_align" in Zig works like "-mno-unaligned-access" in GCC for armv7a.
