### ISSUE TITLE
Compiler generates incorrect register comparison after version update

### ISSUE THREAD

**Issue by kython28** [ziglang/zig#22692]
### Zig Version

0.14.0-dev.2992+78b7a446f

### Description
After updating from Zig 0.14.0-dev.2851+b074fb7dd to 0.14.0-dev.2992+78b7a446f, my project compiles with incorrect assembly code. The compiler is incorrectly using the `rsi` register (both for loading and comparing values) when it should be using `rdi` for a single-parameter function. This leads to a segmentation fault during execution.

### Steps to Reproduce
1. Compile same source code with both versions (https://github.com/kython28/leviathan)
2. Run tests
3. Program crashes with segfault in newer version

### Analysis
Using GDB, I found that:

#### In 0.14.0-dev.2992+78b7a446f:
```
# Breakpoint before calling problematic function

Program received signal SIGTRAP, Trace/breakpoint trap.
python_c.py_decref (op=0x7ffff6442910) at python_c.zig:121
121                 ob_type.tp_dealloc.?(op);
(gdb) info locals
ob_type = 0x7ffff71bc888 <handle[PythonHandleType]>
ref_ptr = 0x7ffff6442910
ref = 0
(gdb) info args
op = 0x7ffff6442910

# Inside problematic function
handle.handle_dealloc (self=0x1) at handle.zig:150
150         const instance = self.?;

(gdb) info register
rax            0x1                 1
rbx            0x1                 1
rcx            0xaef678d30abdda00  -5839347019025622528
rdx            0x0                 0
rsi            0x1                 1
rdi            0x7ffff6442910      140737325050128
rbp            0x7fffffffc700      0x7fffffffc700
rsp            0x7fffffffc6a0      0x7fffffffc6a0
r8             0x25                37
r9             0x7fffffffc6c0      140737488340672
r10            0x7fffffffc770      140737488340848
r11            0x202               514
r12            0x0                 0
r13            0x7ffff6424450      140737324926032
r14            0x7ffff7d20e90      140737351126672
r15            0x7ffff7f950d8      140737353699544
rip            0x7ffff70a0236      0x7ffff70a0236 <handle.handle_dealloc+38>
eflags         0x202               [ IF ]
cs             0x33                51
ss             0x2b                43
ds             0x0                 0
es             0x0                 0
fs             0x0                 0
gs             0x0                 0
fs_base        0x7ffff7d9eb80      140737351641984
gs_base        0x0                 0

.....

Dump of assembler code for function handle.handle_dealloc:
147     fn handle_dealloc(self: ?*PythonHandleObject) void {
   0x00007ffff70a0210 <+0>:     push   %rbp
   0x00007ffff70a0211 <+1>:     mov    %rsp,%rbp
   0x00007ffff70a0214 <+4>:     sub    $0x60,%rsp
   0x00007ffff70a0218 <+8>:     mov    %rsi,-0x38(%rbp)
   0x00007ffff70a021c <+12>:    mov    %rdi,-0x30(%rbp)
   0x00007ffff70a0220 <+16>:    mov    %rsi,-0x28(%rbp)

148         @breakpoint();
   0x00007ffff70a0224 <+20>:    int3

149
150         const instance = self.?;
   0x00007ffff70a0225 <+21>:    cmp    $0x0,%rsi
   0x00007ffff70a0229 <+25>:    jne    0x7ffff70a024a <handle.handle_dealloc+58>
   0x00007ffff70a022b <+27>:    jmp    0x7ffff70a024c <handle.handle_dealloc+60>
   0x00007ffff70a022d <+29>:    mov    -0x38(%rbp),%rax
   0x00007ffff70a0231 <+33>:    mov    %rax,-0x20(%rbp)
   0x00007ffff70a024a <+58>:    jmp    0x7ffff70a022d <handle.handle_dealloc+29>
   0x00007ffff70a024c <+60>:    mov    -0x30(%rbp),%rdi
   0x00007ffff70a0250 <+64>:    call   0x7ffff708fd40 <debug.FullPanic((function 'defaultPanic')).unwrapNull>
   0x00007ffff70a0255 <+69>:    mov    -0x38(%rbp),%rdi
```

### Environment
- OS: Linux 6.12.10-zen1-1-zen
- Zig version: 0.14.0-dev.2992+78b7a446f
- Architecture: x86_64

NOTE:
- I already try deleting `.cache/zig` and `.zig-cache`
- Same behavior adding `callconv(.C)`

### Expected Behavior

The comparison should use `rdi` register as it's the first parameter register in x86_64 System V ABI. Like in the version 0.14.0-dev.2851+b074fb7dd

#### In 0.14.0-dev.2851+b074fb7dd (working version):
```
python_c.py_decref (op=0x7ffff5dbe1c0) at python_c.zig:121
121                 ob_type.tp_dealloc.?(op);
(gdb) info args
op = 0x7ffff5dbe1c0


handle.handle_dealloc (self=0x7ffff5dbe1c0) at handle.zig:150
150         const instance = self.?;
(gdb) info registers
rax            0x7ffff709d6a0      140737338005152
rbx            0x1                 1
rcx            0xc0405f286678d300  -4593566992795380992
rdx            0x0                 0
rsi            0x0                 0
rdi            0x7ffff5dbe1c0      140737318216128
rbp            0x7fffffffc710      0x7fffffffc710
rsp            0x7fffffffc6b0      0x7fffffffc6b0
r8             0x25                37
r9             0x7fffffffc6d0      140737488340688
r10            0x7fffffffc780      140737488340864
r11            0x202               514
r12            0x0                 0
r13            0x7ffff6424400      140737324925952
r14            0x7ffff7d20e90      140737351126672
r15            0x7ffff7f950d8      140737353699544
rip            0x7ffff709d6b1      0x7ffff709d6b1 <handle.handle_dealloc+17>
eflags         0x202               [ IF ]
cs             0x33                51
ss             0x2b                43
ds             0x0                 0
es             0x0                 0
fs             0x0                 0
gs             0x0                 0
fs_base        0x7ffff7d9eb80      140737351641984
gs_base        0x0                 0

...

Dump of assembler code for function handle.handle_dealloc:
147     fn handle_dealloc(self: ?*PythonHandleObject) void {
   0x00007ffff709d6a0 <+0>:     push   %rbp
   0x00007ffff709d6a1 <+1>:     mov    %rsp,%rbp
   0x00007ffff709d6a4 <+4>:     sub    $0x60,%rsp
   0x00007ffff709d6a8 <+8>:     mov    %rdi,-0x30(%rbp)
   0x00007ffff709d6ac <+12>:    mov    %rdi,-0x28(%rbp)

148         @breakpoint();
   0x00007ffff709d6b0 <+16>:    int3

149
150         const instance = self.?;
=> 0x00007ffff709d6b1 <+17>:    cmp    $0x0,%rdi
   0x00007ffff709d6b5 <+21>:    jne    0x7ffff709d6d6 <handle.handle_dealloc+54>
   0x00007ffff709d6b7 <+23>:    jmp    0x7ffff709d6d8 <handle.handle_dealloc+56>
   0x00007ffff709d6b9 <+25>:    mov    -0x30(%rbp),%rax
   0x00007ffff709d6bd <+29>:    mov    %rax,-0x20(%rbp)
   0x00007ffff709d6d6 <+54>:    jmp    0x7ffff709d6b9 <handle.handle_dealloc+25>
   0x00007ffff709d6d8 <+56>:    lea    -0x30e91(%rip),%rdi        # 0x7ffff706c84e <__anon_2321>
   0x00007ffff709d6df <+63>:    mov    $0x19,%esi
   0x00007ffff709d6e4 <+68>:    xor    %eax,%eax
   0x00007ffff709d6e6 <+70>:    mov    %eax,%edx
   0x00007ffff709d6e8 <+72>:    lea    -0x31a9f(%rip),%rcx        # 0x7ffff706bc50
   0x00007ffff709d6ef <+79>:    call   0x7ffff708a970 <debug.defaultPanic>
   0x00007ffff709d6f4 <+84>:    mov    -0x30(%rbp),%rdi

151
```

**Comment by jacobly0** [comment]
Non-extern functions declared without a `callconv` are not required to follow the x86_64 System V ABI.

**Comment by kython28** [comment]
Well i didn't know that. But still, my code fails while switching from one version to another :(

**Comment by kython28** [comment]
Same behavior adding callconv(.C)

**Comment by mlugg** [comment]
> Well i didn't know that. But still, my code fails while switching from one version to another :(

That's to be expected when you trigger Unchecked Illegal Behavior. The language is actually trying to warn you about the incompatible types where you define `PythonHandleType`, but you've silenced it with `@ptrCast`.

> Same behavior adding callconv(.C)

You're doing `@ptrCast` on loads of function pointers in that file; it's almost certainly hitting one of those. *Every* external function needs to have `callconv(.c)`.

I'll close this for now; if you update the repro to remove all the incorrect function types and you still have an issue, ping me and I can reopen.

**Comment by kython28** [comment]
Thank you man. I fixed it from my side. It is working so far

I learned something new today :D
